<?xml version="1.0" encoding="UTF-8"?>
<!-- Generated by org.testng.reporters.JUnitReportReporter -->
<testsuite hostname="DESKTOP-82GVKMJ" failures="0" tests="1" name="CoinDeskTest" time="6.066" errors="0" timestamp="2025-02-04T10:16:32 IST" skipped="0">
  <testcase classname="CoinDeskTest" name="validateBPIResponse" time="6.066"/>
</testsuite> <!-- CoinDeskTest -->
