<?xml version="1.0" encoding="UTF-8"?>
<!-- Generated by org.testng.reporters.JUnitReportReporter -->
<testsuite hostname="DESKTOP-82GVKMJ" failures="0" tests="1" name="apitest.org.CoinDeskTest" time="4.712" errors="0" timestamp="2025-02-04T10:19:05 IST" skipped="0">
  <testcase classname="apitest.org.CoinDeskTest" name="validateBPIResponse" time="4.712"/>
</testsuite> <!-- apitest.org.CoinDeskTest -->
